c:\anthonydev\firsttimeopengl\x64\debug\vc143.pdb
c:\anthonydev\firsttimeopengl\x64\debug\vc143.idb
c:\anthonydev\firsttimeopengl\x64\debug\stb.obj
c:\anthonydev\firsttimeopengl\x64\debug\vbo.obj
c:\anthonydev\firsttimeopengl\x64\debug\vao.obj
c:\anthonydev\firsttimeopengl\x64\debug\shaderclass.obj
c:\anthonydev\firsttimeopengl\x64\debug\main.obj
c:\anthonydev\firsttimeopengl\x64\debug\texture.obj
c:\anthonydev\firsttimeopengl\x64\debug\ebo.obj
c:\anthonydev\firsttimeopengl\x64\debug\glad.obj
c:\anthonydev\firsttimeopengl\x64\debug\glm.obj
c:\anthonydev\firsttimeopengl\x64\debug\firsttimeopengl.exe
c:\anthonydev\firsttimeopengl\x64\debug\firsttimeopengl.ilk
c:\anthonydev\firsttimeopengl\x64\debug\firsttimeopengl.pdb
c:\anthonydev\firsttimeopengl\x64\debug\firsttimeopengl.tlog\cl.command.1.tlog
c:\anthonydev\firsttimeopengl\x64\debug\firsttimeopengl.tlog\cl.read.1.tlog
c:\anthonydev\firsttimeopengl\x64\debug\firsttimeopengl.tlog\cl.write.1.tlog
c:\anthonydev\firsttimeopengl\x64\debug\firsttimeopengl.tlog\link.command.1.tlog
c:\anthonydev\firsttimeopengl\x64\debug\firsttimeopengl.tlog\link.read.1.tlog
c:\anthonydev\firsttimeopengl\x64\debug\firsttimeopengl.tlog\link.write.1.tlog
